<?xml version="1.0" encoding="UTF-8"?>
<coverage generated="1468949438720" clover="3.2.0">
	<project timestamp="1468949438720"  name="All Files" >
		<metrics statements="21"  coveredstatements="19"  conditionals="31"  coveredconditionals="14"  methods="16"  coveredmethods="11"  elements="68"  coveredelements="44"  complexity="0"  packages="4"  files="4"  classes="4"  loc="53"  ncloc="53" />
		<package name="__tests__.src.components" >
			<metrics statements="6"  coveredstatements="6"  conditionals="0"  coveredconditionals="0"  methods="2"  coveredmethods="2" />
			<file name="App-test.js"  path="C:\Nuwan\myWorksSpaces\Techs\Testing\Jest\react-with-jest\__tests__\src\components\App-test.js" >
				<metrics statements="6"  coveredstatements="6"  conditionals="0"  coveredconditionals="0"  methods="2"  coveredmethods="2" />
				<line num="5"  count="1"  type="stmt" />
				<line num="8"  count="1"  type="stmt" />
				<line num="9"  count="1"  type="stmt" />
				<line num="10"  count="1"  type="stmt" />
				<line num="11"  count="1"  type="stmt" />
				<line num="13"  count="1"  type="stmt" />
			</file>
		</package>
		<package name="__tests__.src.js" >
			<metrics statements="5"  coveredstatements="5"  conditionals="0"  coveredconditionals="0"  methods="2"  coveredmethods="2" />
			<file name="sum-test.js"  path="C:\Nuwan\myWorksSpaces\Techs\Testing\Jest\react-with-jest\__tests__\src\js\sum-test.js" >
				<metrics statements="5"  coveredstatements="5"  conditionals="0"  coveredconditionals="0"  methods="2"  coveredmethods="2" />
				<line num="5"  count="1"  type="stmt" />
				<line num="7"  count="1"  type="stmt" />
				<line num="8"  count="1"  type="stmt" />
				<line num="9"  count="1"  type="stmt" />
				<line num="10"  count="1"  type="stmt" />
			</file>
		</package>
		<package name="src.components" >
			<metrics statements="7"  coveredstatements="5"  conditionals="31"  coveredconditionals="14"  methods="11"  coveredmethods="6" />
			<file name="App.js"  path="C:\Nuwan\myWorksSpaces\Techs\Testing\Jest\react-with-jest\src\components\App.js" >
				<metrics statements="7"  coveredstatements="5"  conditionals="31"  coveredconditionals="14"  methods="11"  coveredmethods="6" />
				<line num="1"  count="2"  type="cond"  truecount="14"  falsecount="17" />
				<line num="3"  count="1"  type="stmt" />
				<line num="5"  count="1"  type="stmt" />
				<line num="7"  count="0"  type="stmt" />
				<line num="8"  count="1"  type="stmt" />
				<line num="12"  count="0"  type="stmt" />
				<line num="21"  count="1"  type="stmt" />
			</file>
		</package>
		<package name="src.js" >
			<metrics statements="3"  coveredstatements="3"  conditionals="0"  coveredconditionals="0"  methods="1"  coveredmethods="1" />
			<file name="sum.js"  path="C:\Nuwan\myWorksSpaces\Techs\Testing\Jest\react-with-jest\src\js\sum.js" >
				<metrics statements="3"  coveredstatements="3"  conditionals="0"  coveredconditionals="0"  methods="1"  coveredmethods="1" />
				<line num="5"  count="1"  type="stmt" />
				<line num="6"  count="1"  type="stmt" />
				<line num="9"  count="1"  type="stmt" />
			</file>
		</package>
	</project>
</coverage>
