{
"C:\\Nuwan\\myWorksSpaces\\Techs\\Testing\\Jest\\react-with-jest\\__tests__\\src\\js\\sum-test.js":{"path":"C:\\Nuwan\\myWorksSpaces\\Techs\\Testing\\Jest\\react-with-jest\\__tests__\\src\\js\\sum-test.js","s":{"1":1,"2":1,"3":1,"4":1,"5":1},"b":{},"f":{"1":1,"2":1},"fnMap":{"1":{"name":"(anonymous_1)","line":7,"loc":{"start":{"line":7,"column":16},"end":{"line":7,"column":28}}},"2":{"name":"(anonymous_2)","line":8,"loc":{"start":{"line":8,"column":32},"end":{"line":8,"column":44}}}},"statementMap":{"1":{"start":{"line":5,"column":0},"end":{"line":5,"column":35},"skip":true},"2":{"start":{"line":7,"column":0},"end":{"line":10,"column":40}},"3":{"start":{"line":8,"column":4},"end":{"line":10,"column":37}},"4":{"start":{"line":9,"column":8},"end":{"line":9,"column":49}},"5":{"start":{"line":10,"column":8},"end":{"line":10,"column":34}}},"branchMap":{},"l":{"5":1,"7":1,"8":1,"9":1,"10":1}},
"C:\\Nuwan\\myWorksSpaces\\Techs\\Testing\\Jest\\react-with-jest\\src\\js\\sum.js":{"path":"C:\\Nuwan\\myWorksSpaces\\Techs\\Testing\\Jest\\react-with-jest\\src\\js\\sum.js","s":{"1":1,"2":1,"3":1},"b":{},"f":{"1":1},"fnMap":{"1":{"name":"sum","line":5,"loc":{"start":{"line":5,"column":10},"end":{"line":5,"column":35}},"skip":true}},"statementMap":{"1":{"start":{"line":5,"column":0},"end":{"line":6,"column":23},"skip":true},"2":{"start":{"line":6,"column":2},"end":{"line":6,"column":21},"skip":true},"3":{"start":{"line":9,"column":0},"end":{"line":9,"column":21}}},"branchMap":{},"l":{"5":1,"6":1,"9":1}},
"C:\\Nuwan\\myWorksSpaces\\Techs\\Testing\\Jest\\react-with-jest\\__tests__\\src\\components\\App-test.js":{"path":"C:\\Nuwan\\myWorksSpaces\\Techs\\Testing\\Jest\\react-with-jest\\__tests__\\src\\components\\App-test.js","s":{"1":1,"2":1,"3":1,"4":1,"5":1,"6":1},"b":{},"f":{"1":1,"2":1},"fnMap":{"1":{"name":"(anonymous_1)","line":8,"loc":{"start":{"line":8,"column":31},"end":{"line":8,"column":43}}},"2":{"name":"(anonymous_2)","line":9,"loc":{"start":{"line":9,"column":22},"end":{"line":9,"column":34}}}},"statementMap":{"1":{"start":{"line":5,"column":0},"end":{"line":5,"column":45},"skip":true},"2":{"start":{"line":8,"column":0},"end":{"line":13,"column":43}},"3":{"start":{"line":9,"column":2},"end":{"line":13,"column":40}},"4":{"start":{"line":10,"column":4},"end":{"line":10,"column":53}},"5":{"start":{"line":11,"column":4},"end":{"line":11,"column":37}},"6":{"start":{"line":13,"column":4},"end":{"line":13,"column":37}}},"branchMap":{},"l":{"5":1,"8":1,"9":1,"10":1,"11":1,"13":1}},
"C:\\Nuwan\\myWorksSpaces\\Techs\\Testing\\Jest\\react-with-jest\\src\\components\\App.js":{"path":"C:\\Nuwan\\myWorksSpaces\\Techs\\Testing\\Jest\\react-with-jest\\src\\components\\App.js","s":{"1":1,"2":1,"3":1,"4":1,"5":2,"6":2,"7":2,"8":2,"9":2,"10":2,"11":1,"12":1,"13":1,"14":1,"15":0,"16":1,"17":1,"18":1,"19":1,"20":1,"21":1,"22":0,"23":0,"24":1,"25":0,"26":0,"27":0,"28":1,"29":1,"30":0,"31":1,"32":1,"33":1,"34":1,"35":1,"36":1,"37":0,"38":0,"39":0,"40":0,"41":0,"42":1,"43":0,"44":0,"45":1,"46":1},"b":{"1":[2,2],"2":[2,0],"3":[1,0],"4":[0,1],"5":[0,1],"6":[1,1],"7":[0,0],"8":[0,0],"9":[0,0],"10":[0,0,0],"11":[0,1],"12":[1,0],"13":[1,1],"14":[1,0],"15":[1,0]},"f":{"1":1,"2":1,"3":1,"4":1,"5":0,"6":0,"7":1,"8":1,"9":0,"10":0,"11":0},"fnMap":{"1":{"name":"(anonymous_1)","line":1,"loc":{"start":{"line":1,"column":120},"end":{"line":1,"column":132}}},"2":{"name":"defineProperties","line":1,"loc":{"start":{"line":1,"column":133},"end":{"line":1,"column":174}}},"3":{"name":"(anonymous_3)","line":1,"loc":{"start":{"line":1,"column":448},"end":{"line":1,"column":496}}},"4":{"name":"_interopRequireDefault","line":1,"loc":{"start":{"line":1,"column":778},"end":{"line":1,"column":815}}},"5":{"name":"_classCallCheck","line":1,"loc":{"start":{"line":1,"column":871},"end":{"line":1,"column":919}}},"6":{"name":"_possibleConstructorReturn","line":1,"loc":{"start":{"line":1,"column":1020},"end":{"line":1,"column":1068}}},"7":{"name":"_inherits","line":1,"loc":{"start":{"line":1,"column":1255},"end":{"line":1,"column":1296}}},"8":{"name":"(anonymous_8)","line":3,"loc":{"start":{"line":3,"column":6},"end":{"line":3,"column":28}}},"9":{"name":"App","line":5,"loc":{"start":{"line":5,"column":4},"end":{"line":5,"column":50}}},"10":{"name":"render","line":8,"loc":{"start":{"line":8,"column":214},"end":{"line":11,"column":8}}},"11":{"name":"_onClick","line":15,"loc":{"start":{"line":15,"column":61},"end":{"line":20,"column":8}}}},"statementMap":{"1":{"start":{"line":1,"column":39},"end":{"line":1,"column":101},"skip":true},"2":{"start":{"line":1,"column":101},"end":{"line":1,"column":650}},"3":{"start":{"line":1,"column":133},"end":{"line":1,"column":441}},"4":{"start":{"line":1,"column":175},"end":{"line":1,"column":440}},"5":{"start":{"line":1,"column":215},"end":{"line":1,"column":241}},"6":{"start":{"line":1,"column":241},"end":{"line":1,"column":296}},"7":{"start":{"line":1,"column":296},"end":{"line":1,"column":327}},"8":{"start":{"line":1,"column":327},"end":{"line":1,"column":381}},"9":{"start":{"line":1,"column":354},"end":{"line":1,"column":381}},"10":{"start":{"line":1,"column":381},"end":{"line":1,"column":439}},"11":{"start":{"line":1,"column":441},"end":{"line":1,"column":646}},"12":{"start":{"line":1,"column":497},"end":{"line":1,"column":565}},"13":{"start":{"line":1,"column":513},"end":{"line":1,"column":565}},"14":{"start":{"line":1,"column":565},"end":{"line":1,"column":625}},"15":{"start":{"line":1,"column":582},"end":{"line":1,"column":625}},"16":{"start":{"line":1,"column":625},"end":{"line":1,"column":644}},"17":{"start":{"line":1,"column":650},"end":{"line":1,"column":706}},"18":{"start":{"line":1,"column":733},"end":{"line":1,"column":778}},"19":{"start":{"line":1,"column":778},"end":{"line":1,"column":871}},"20":{"start":{"line":1,"column":816},"end":{"line":1,"column":870}},"21":{"start":{"line":1,"column":871},"end":{"line":1,"column":1020}},"22":{"start":{"line":1,"column":920},"end":{"line":1,"column":1019}},"23":{"start":{"line":1,"column":961},"end":{"line":1,"column":1018}},"24":{"start":{"line":1,"column":1020},"end":{"line":1,"column":1255}},"25":{"start":{"line":1,"column":1069},"end":{"line":1,"column":1168}},"26":{"start":{"line":1,"column":1081},"end":{"line":1,"column":1167}},"27":{"start":{"line":1,"column":1168},"end":{"line":1,"column":1254}},"28":{"start":{"line":1,"column":1255},"end":{"line":1,"column":1743}},"29":{"start":{"line":1,"column":1297},"end":{"line":1,"column":1460}},"30":{"start":{"line":1,"column":1359},"end":{"line":1,"column":1459}},"31":{"start":{"line":1,"column":1460},"end":{"line":1,"column":1624}},"32":{"start":{"line":1,"column":1624},"end":{"line":1,"column":1742}},"33":{"start":{"line":1,"column":1640},"end":{"line":1,"column":1742}},"34":{"start":{"line":1,"column":1743},"end":{"line":21,"column":84}},"35":{"start":{"line":3,"column":29},"end":{"line":3,"column":56}},"36":{"start":{"line":5,"column":4},"end":{"line":8,"column":171}},"37":{"start":{"line":5,"column":77},"end":{"line":5,"column":104}},"38":{"start":{"line":5,"column":104},"end":{"line":6,"column":16}},"39":{"start":{"line":7,"column":8},"end":{"line":7,"column":42}},"40":{"start":{"line":8,"column":34},"end":{"line":8,"column":130}},"41":{"start":{"line":8,"column":157},"end":{"line":8,"column":170},"skip":true},"42":{"start":{"line":8,"column":171},"end":{"line":21,"column":53}},"43":{"start":{"line":12,"column":12},"end":{"line":15,"column":30}},"44":{"start":{"line":21,"column":12},"end":{"line":21,"column":47}},"45":{"start":{"line":21,"column":53},"end":{"line":21,"column":64}},"46":{"start":{"line":21,"column":111},"end":{"line":25,"column":4}}},"branchMap":{"1":{"line":1,"type":"binary-expr","locations":[{"start":{"line":1,"column":265},"end":{"line":1,"column":286}},{"start":{"line":1,"column":290},"end":{"line":1,"column":295}}]},"2":{"line":1,"type":"if","locations":[{"start":{"line":1,"column":327},"end":{"line":1,"column":327}},{"start":{"line":1,"column":327},"end":{"line":1,"column":327}}]},"3":{"line":1,"type":"if","locations":[{"start":{"line":1,"column":497},"end":{"line":1,"column":497}},{"start":{"line":1,"column":497},"end":{"line":1,"column":497}}]},"4":{"line":1,"type":"if","locations":[{"start":{"line":1,"column":565},"end":{"line":1,"column":565}},{"start":{"line":1,"column":565},"end":{"line":1,"column":565}}]},"5":{"line":1,"type":"cond-expr","locations":[{"start":{"line":1,"column":847},"end":{"line":1,"column":850}},{"start":{"line":1,"column":853},"end":{"line":1,"column":869}}]},"6":{"line":1,"type":"binary-expr","locations":[{"start":{"line":1,"column":823},"end":{"line":1,"column":826}},{"start":{"line":1,"column":830},"end":{"line":1,"column":844}}]},"7":{"line":1,"type":"if","locations":[{"start":{"line":1,"column":920},"end":{"line":1,"column":920}},{"start":{"line":1,"column":920},"end":{"line":1,"column":920}}]},"8":{"line":1,"type":"if","locations":[{"start":{"line":1,"column":1069},"end":{"line":1,"column":1069}},{"start":{"line":1,"column":1069},"end":{"line":1,"column":1069}}]},"9":{"line":1,"type":"cond-expr","locations":[{"start":{"line":1,"column":1242},"end":{"line":1,"column":1246}},{"start":{"line":1,"column":1249},"end":{"line":1,"column":1253}}]},"10":{"line":1,"type":"binary-expr","locations":[{"start":{"line":1,"column":1175},"end":{"line":1,"column":1179}},{"start":{"line":1,"column":1184},"end":{"line":1,"column":1208}},{"start":{"line":1,"column":1212},"end":{"line":1,"column":1238}}]},"11":{"line":1,"type":"if","locations":[{"start":{"line":1,"column":1297},"end":{"line":1,"column":1297}},{"start":{"line":1,"column":1297},"end":{"line":1,"column":1297}}]},"12":{"line":1,"type":"binary-expr","locations":[{"start":{"line":1,"column":1301},"end":{"line":1,"column":1333}},{"start":{"line":1,"column":1337},"end":{"line":1,"column":1356}}]},"13":{"line":1,"type":"binary-expr","locations":[{"start":{"line":1,"column":1495},"end":{"line":1,"column":1505}},{"start":{"line":1,"column":1509},"end":{"line":1,"column":1529}}]},"14":{"line":1,"type":"if","locations":[{"start":{"line":1,"column":1624},"end":{"line":1,"column":1624}},{"start":{"line":1,"column":1624},"end":{"line":1,"column":1624}}]},"15":{"line":1,"type":"cond-expr","locations":[{"start":{"line":1,"column":1664},"end":{"line":1,"column":1707}},{"start":{"line":1,"column":1710},"end":{"line":1,"column":1741}}]}},"l":{"1":2,"3":1,"5":1,"7":0,"8":1,"12":0,"21":1}}}
